Using pre-set license
Built from '2020.3/staging' branch; Version is '2020.3.21f1 (a38c86f6690f) revision 10718342'; Using compiler version '192528614'; Build Type 'Release'
OS: 'Windows 7  (6.1.0) 64bit' Language: 'ru' Physical Memory: 16367 MB
BatchMode: 1, IsHumanControllingUs: 0, StartBugReporterOnCrash: 0, Is64bit: 1, IsPro: 0

COMMAND LINE ARGUMENTS:
C:\Program Files\Unity\Hub\Editor\2020.3.21f1\Editor\Unity.exe
-adb2
-batchMode
-noUpm
-name
AssetImportWorker0
-projectPath
W:/Coding/Unity/Dungeon Delver
-logFile
Logs/AssetImportWorker0.log
-srvPort
61578
Successfully changed project path to: W:/Coding/Unity/Dungeon Delver
W:/Coding/Unity/Dungeon Delver
Using Asset Import Pipeline V2.
Refreshing native plugins compatible for Editor in 56.42 ms, found 3 plugins.
Preloading 0 native plugins for Editor in 0.00 ms.
Initialize engine version: 2020.3.21f1 (a38c86f6690f)
[Subsystems] Discovering subsystems at path C:/Program Files/Unity/Hub/Editor/2020.3.21f1/Editor/Data/Resources/UnitySubsystems
[Subsystems] Discovering subsystems at path W:/Coding/Unity/Dungeon Delver/Assets
GfxDevice: creating device client; threaded=0
d3d11: CreateDXGIFactory2(...) not found, fallbacking to CreateDXGIFactory1(...).
d3d11: QueryInterface(IDXGIFactory5) failed (80004002).
Direct3D:
    Version:  Direct3D 11.0 [level 11.0]
    Renderer: NVIDIA GeForce GTX 1060 6GB (ID=0x1c03)
    Vendor:   
    VRAM:     6036 MB
    Driver:   27.21.14.6647
Initialize mono
Mono path[0] = 'C:/Program Files/Unity/Hub/Editor/2020.3.21f1/Editor/Data/Managed'
Mono path[1] = 'C:/Program Files/Unity/Hub/Editor/2020.3.21f1/Editor/Data/MonoBleedingEdge/lib/mono/unityjit'
Mono config path = 'C:/Program Files/Unity/Hub/Editor/2020.3.21f1/Editor/Data/MonoBleedingEdge/etc'
Using monoOptions --debugger-agent=transport=dt_socket,embedding=1,server=y,suspend=n,address=127.0.0.1:56516
Begin MonoManager ReloadAssembly
Registering precompiled unity dll's ...
Register platform support module: C:/Program Files/Unity/Hub/Editor/2020.3.21f1/Editor/Data/PlaybackEngines/WebGLSupport/UnityEditor.WebGL.Extensions.dll
Register platform support module: C:/Program Files/Unity/Hub/Editor/2020.3.21f1/Editor/Data/PlaybackEngines/WindowsStandaloneSupport/UnityEditor.WindowsStandalone.Extensions.dll
Registered in 0.002121 seconds.
Native extension for WindowsStandalone target not found
Native extension for WebGL target not found
Refreshing native plugins compatible for Editor in 57.61 ms, found 3 plugins.
Preloading 0 native plugins for Editor in 0.00 ms.
Mono: successfully reloaded assembly
- Completed reload, in  3.122 seconds
Domain Reload Profiling:
	ReloadAssembly (3123ms)
		BeginReloadAssembly (65ms)
			ExecutionOrderSort (0ms)
			DisableScriptedObjects (0ms)
			BackupInstance (0ms)
			ReleaseScriptingObjects (0ms)
			CreateAndSetChildDomain (1ms)
		EndReloadAssembly (579ms)
			LoadAssemblies (63ms)
			RebuildTransferFunctionScriptingTraits (0ms)
			SetupTypeCache (197ms)
			ReleaseScriptCaches (0ms)
			RebuildScriptCaches (42ms)
			SetupLoadedEditorAssemblies (220ms)
				LogAssemblyErrors (0ms)
				InitializePlatformSupportModulesInManaged (6ms)
				SetLoadedEditorAssemblies (0ms)
				RefreshPlugins (58ms)
				BeforeProcessingInitializeOnLoad (20ms)
				ProcessInitializeOnLoadAttributes (99ms)
				ProcessInitializeOnLoadMethodAttributes (37ms)
				AfterProcessingInitializeOnLoad (0ms)
				EditorAssembliesLoaded (0ms)
			ExecutionOrderSort2 (0ms)
			AwakeInstancesAfterBackupRestoration (0ms)
Platform modules already initialized, skipping
Registering precompiled user dll's ...
Registered in 0.005474 seconds.
Begin MonoManager ReloadAssembly
Native extension for WindowsStandalone target not found
Native extension for WebGL target not found
Refreshing native plugins compatible for Editor in 57.36 ms, found 3 plugins.
Preloading 0 native plugins for Editor in 0.00 ms.
Mono: successfully reloaded assembly
- Completed reload, in  1.467 seconds
Domain Reload Profiling:
	ReloadAssembly (1467ms)
		BeginReloadAssembly (185ms)
			ExecutionOrderSort (0ms)
			DisableScriptedObjects (6ms)
			BackupInstance (0ms)
			ReleaseScriptingObjects (0ms)
			CreateAndSetChildDomain (20ms)
		EndReloadAssembly (1204ms)
			LoadAssemblies (116ms)
			RebuildTransferFunctionScriptingTraits (0ms)
			SetupTypeCache (406ms)
			ReleaseScriptCaches (1ms)
			RebuildScriptCaches (76ms)
			SetupLoadedEditorAssemblies (447ms)
				LogAssemblyErrors (0ms)
				InitializePlatformSupportModulesInManaged (6ms)
				SetLoadedEditorAssemblies (0ms)
				RefreshPlugins (57ms)
				BeforeProcessingInitializeOnLoad (96ms)
				ProcessInitializeOnLoadAttributes (262ms)
				ProcessInitializeOnLoadMethodAttributes (19ms)
				AfterProcessingInitializeOnLoad (6ms)
				EditorAssembliesLoaded (0ms)
			ExecutionOrderSort2 (0ms)
			AwakeInstancesAfterBackupRestoration (8ms)
Platform modules already initialized, skipping
========================================================================
Worker process is ready to serve import requests
Launched and connected shader compiler UnityShaderCompiler.exe after 0.03 seconds
Refreshing native plugins compatible for Editor in 0.68 ms, found 3 plugins.
Preloading 0 native plugins for Editor in 0.00 ms.
Unloading 2188 Unused Serialized files (Serialized files now loaded: 0)
System memory in use before: 95.6 MB.
System memory in use after: 95.7 MB.

Unloading 28 unused Assets to reduce memory usage. Loaded Objects now: 2621.
Total: 3.915695 ms (FindLiveObjects: 0.400565 ms CreateObjectMapping: 0.120441 ms MarkObjects: 3.317715 ms  DeleteObjects: 0.075464 ms)

AssetImportParameters requested are different than current active one (requested -> active):
  custom:framework-win-MediaFoundation: 216162199b28c13a410421893ffa2e32 -> 
  custom:video-decoder-ogg-theora: a1e56fd34408186e4bbccfd4996cb3dc -> 
  custom:container-muxer-webm: aa71ff27fc2769a1b78a27578f13a17b -> 
  custom:container-demuxer-webm: 4f35f7cbe854078d1ac9338744f61a02 -> 
  custom:container-demuxer-ogg: 62fdf1f143b41e24485cea50d1cbac27 -> 
  custom:video-encoder-webm-vp8: eb34c28f22e8b96e1ab97ce403110664 -> 
  custom:video-decoder-webm-vp8: 9c59270c3fd7afecdb556c50c9e8de78 -> 
  custom:audio-decoder-ogg-vorbis: bf7c407c2cedff20999df2af8eb42d56 -> 
  custom:audio-encoder-webm-vorbis: bf7c407c2cedff20999df2af8eb42d56 -> 
========================================================================
Received Import Request.
  path: Assets/Scripts
  artifactKey: Guid(fc2ffb2632e444d8a9d8ffdbe3c1f1b5) Importer(815301076,1909f56bfc062723c751e8b465ee728b)
Start importing Assets/Scripts using Guid(fc2ffb2632e444d8a9d8ffdbe3c1f1b5) Importer(815301076,1909f56bfc062723c751e8b465ee728b)  -> (artifact id: '69593e584580efe1217915d1d865fed9') in 0.005737 seconds 
  Import took 0.009471 seconds .

========================================================================
Received Import Request.
  Time since last request: 0.000255 seconds.
  path: Assets/_Textures and Materials
  artifactKey: Guid(6fce3fa90d5234f619a4e622f9e47be9) Importer(815301076,1909f56bfc062723c751e8b465ee728b)
Start importing Assets/_Textures and Materials using Guid(6fce3fa90d5234f619a4e622f9e47be9) Importer(815301076,1909f56bfc062723c751e8b465ee728b)  -> (artifact id: '147268c8b85fac37d8c8a8bdc3f96a78') in 0.001865 seconds 
  Import took 0.005102 seconds .

========================================================================
Received Prepare
Registering precompiled user dll's ...
Registered in 0.005121 seconds.
Begin MonoManager ReloadAssembly
Native extension for WindowsStandalone target not found
Native extension for WebGL target not found
Refreshing native plugins compatible for Editor in 0.70 ms, found 3 plugins.
Preloading 0 native plugins for Editor in 0.00 ms.
Mono: successfully reloaded assembly
- Completed reload, in  1.286 seconds
Domain Reload Profiling:
	ReloadAssembly (1287ms)
		BeginReloadAssembly (126ms)
			ExecutionOrderSort (0ms)
			DisableScriptedObjects (9ms)
			BackupInstance (0ms)
			ReleaseScriptingObjects (0ms)
			CreateAndSetChildDomain (36ms)
		EndReloadAssembly (1079ms)
			LoadAssemblies (118ms)
			RebuildTransferFunctionScriptingTraits (0ms)
			SetupTypeCache (383ms)
			ReleaseScriptCaches (1ms)
			RebuildScriptCaches (69ms)
			SetupLoadedEditorAssemblies (379ms)
				LogAssemblyErrors (0ms)
				InitializePlatformSupportModulesInManaged (8ms)
				SetLoadedEditorAssemblies (2ms)
				RefreshPlugins (1ms)
				BeforeProcessingInitializeOnLoad (101ms)
				ProcessInitializeOnLoadAttributes (249ms)
				ProcessInitializeOnLoadMethodAttributes (13ms)
				AfterProcessingInitializeOnLoad (6ms)
				EditorAssembliesLoaded (0ms)
			ExecutionOrderSort2 (0ms)
			AwakeInstancesAfterBackupRestoration (11ms)
Platform modules already initialized, skipping
Refreshing native plugins compatible for Editor in 0.72 ms, found 3 plugins.
Preloading 0 native plugins for Editor in 0.00 ms.
Unloading 2177 Unused Serialized files (Serialized files now loaded: 0)
System memory in use before: 94.9 MB.
System memory in use after: 95.1 MB.

Unloading 17 unused Assets to reduce memory usage. Loaded Objects now: 2623.
Total: 5.814076 ms (FindLiveObjects: 0.361927 ms CreateObjectMapping: 0.090859 ms MarkObjects: 5.323860 ms  DeleteObjects: 0.035015 ms)

AssetImportParameters requested are different than current active one (requested -> active):
  custom:framework-win-MediaFoundation: 216162199b28c13a410421893ffa2e32 -> 
  custom:video-decoder-ogg-theora: a1e56fd34408186e4bbccfd4996cb3dc -> 
  custom:container-muxer-webm: aa71ff27fc2769a1b78a27578f13a17b -> 
  custom:container-demuxer-webm: 4f35f7cbe854078d1ac9338744f61a02 -> 
  custom:container-demuxer-ogg: 62fdf1f143b41e24485cea50d1cbac27 -> 
  custom:video-encoder-webm-vp8: eb34c28f22e8b96e1ab97ce403110664 -> 
  custom:video-decoder-webm-vp8: 9c59270c3fd7afecdb556c50c9e8de78 -> 
  custom:audio-decoder-ogg-vorbis: bf7c407c2cedff20999df2af8eb42d56 -> 
  custom:audio-encoder-webm-vorbis: bf7c407c2cedff20999df2af8eb42d56 -> 
========================================================================
Received Import Request.
  Time since last request: 8.362120 seconds.
  path: Assets/Textures and Materials
  artifactKey: Guid(6fce3fa90d5234f619a4e622f9e47be9) Importer(815301076,1909f56bfc062723c751e8b465ee728b)
Start importing Assets/Textures and Materials using Guid(6fce3fa90d5234f619a4e622f9e47be9) Importer(815301076,1909f56bfc062723c751e8b465ee728b)  -> (artifact id: 'db98155cf32a25e93814b6c921d314af') in 0.006005 seconds 
  Import took 0.010027 seconds .

========================================================================
Received Import Request.
  Time since last request: 0.041710 seconds.
  path: Assets/_Prefabs
  artifactKey: Guid(4715a50814f8e4e8fa239a6fc2b2bc19) Importer(815301076,1909f56bfc062723c751e8b465ee728b)
Start importing Assets/_Prefabs using Guid(4715a50814f8e4e8fa239a6fc2b2bc19) Importer(815301076,1909f56bfc062723c751e8b465ee728b)  -> (artifact id: 'd5bf5a4174bddc8ebb4f9246bbe6ccfe') in 0.001997 seconds 
  Import took 0.005968 seconds .

========================================================================
Received Import Request.
  Time since last request: 3.293758 seconds.
  path: Assets/Prefabs
  artifactKey: Guid(4715a50814f8e4e8fa239a6fc2b2bc19) Importer(815301076,1909f56bfc062723c751e8b465ee728b)
Start importing Assets/Prefabs using Guid(4715a50814f8e4e8fa239a6fc2b2bc19) Importer(815301076,1909f56bfc062723c751e8b465ee728b)  -> (artifact id: '80dc508bd6fb39c6a701d96e26958209') in 0.002117 seconds 
  Import took 0.005936 seconds .

========================================================================
Received Import Request.
  Time since last request: 55.595506 seconds.
  path: Assets/Scenes/SampleScene.unity
  artifactKey: Guid(2cda990e2423bbf4892e6590ba056729) Importer(815301076,1909f56bfc062723c751e8b465ee728b)
Start importing Assets/Scenes/SampleScene.unity using Guid(2cda990e2423bbf4892e6590ba056729) Importer(815301076,1909f56bfc062723c751e8b465ee728b)  -> (artifact id: 'aa27944bdea339c97c39027c7eea529c') in 0.013394 seconds 
  Import took 0.018069 seconds .

========================================================================
Received Import Request.
  Time since last request: 17.913547 seconds.
  path: Assets/Scenes/Main Scene.unity
  artifactKey: Guid(2cda990e2423bbf4892e6590ba056729) Importer(815301076,1909f56bfc062723c751e8b465ee728b)
Start importing Assets/Scenes/Main Scene.unity using Guid(2cda990e2423bbf4892e6590ba056729) Importer(815301076,1909f56bfc062723c751e8b465ee728b)  -> (artifact id: '667fb8d0b50471db93bcb617f4916b83') in 0.002242 seconds 
  Import took 0.006213 seconds .

========================================================================
Received Import Request.
  Time since last request: 11.712783 seconds.
  path: Assets/Scripts/ProtoTools/FloatingScore.cs
  artifactKey: Guid(c7b1e8b395d274ac599b3da4e14fa45a) Importer(815301076,1909f56bfc062723c751e8b465ee728b)
Start importing Assets/Scripts/ProtoTools/FloatingScore.cs using Guid(c7b1e8b395d274ac599b3da4e14fa45a) Importer(815301076,1909f56bfc062723c751e8b465ee728b)  -> (artifact id: '6944fc7905d34e8d0e1e5122631ac0e0') in 0.030197 seconds 
  Import took 0.034053 seconds .

========================================================================
Received Import Request.
  Time since last request: 24.136964 seconds.
  path: Assets/Scripts/ProtoTools/Scoreboard.cs
  artifactKey: Guid(732941accec8741909bb0a7975b7e243) Importer(815301076,1909f56bfc062723c751e8b465ee728b)
Start importing Assets/Scripts/ProtoTools/Scoreboard.cs using Guid(732941accec8741909bb0a7975b7e243) Importer(815301076,1909f56bfc062723c751e8b465ee728b)  -> (artifact id: '1a91e7470fc5ac8fb82c66aa9815bafc') in 0.002716 seconds 
  Import took 0.006551 seconds .

========================================================================
Received Prepare
Registering precompiled user dll's ...
Registered in 0.004298 seconds.
Begin MonoManager ReloadAssembly
Native extension for WindowsStandalone target not found
Native extension for WebGL target not found
Refreshing native plugins compatible for Editor in 0.70 ms, found 3 plugins.
Preloading 0 native plugins for Editor in 0.00 ms.
Mono: successfully reloaded assembly
- Completed reload, in  1.286 seconds
Domain Reload Profiling:
	ReloadAssembly (1286ms)
		BeginReloadAssembly (129ms)
			ExecutionOrderSort (0ms)
			DisableScriptedObjects (9ms)
			BackupInstance (0ms)
			ReleaseScriptingObjects (0ms)
			CreateAndSetChildDomain (39ms)
		EndReloadAssembly (1080ms)
			LoadAssemblies (112ms)
			RebuildTransferFunctionScriptingTraits (0ms)
			SetupTypeCache (396ms)
			ReleaseScriptCaches (1ms)
			RebuildScriptCaches (66ms)
			SetupLoadedEditorAssemblies (375ms)
				LogAssemblyErrors (0ms)
				InitializePlatformSupportModulesInManaged (7ms)
				SetLoadedEditorAssemblies (1ms)
				RefreshPlugins (1ms)
				BeforeProcessingInitializeOnLoad (99ms)
				ProcessInitializeOnLoadAttributes (249ms)
				ProcessInitializeOnLoadMethodAttributes (13ms)
				AfterProcessingInitializeOnLoad (6ms)
				EditorAssembliesLoaded (0ms)
			ExecutionOrderSort2 (0ms)
			AwakeInstancesAfterBackupRestoration (11ms)
Platform modules already initialized, skipping
Refreshing native plugins compatible for Editor in 0.78 ms, found 3 plugins.
Preloading 0 native plugins for Editor in 0.00 ms.
Unloading 2177 Unused Serialized files (Serialized files now loaded: 0)
System memory in use before: 95.0 MB.
System memory in use after: 95.1 MB.

Unloading 17 unused Assets to reduce memory usage. Loaded Objects now: 2625.
Total: 5.671298 ms (FindLiveObjects: 0.215828 ms CreateObjectMapping: 0.086935 ms MarkObjects: 5.340462 ms  DeleteObjects: 0.026563 ms)

AssetImportParameters requested are different than current active one (requested -> active):
  custom:framework-win-MediaFoundation: 216162199b28c13a410421893ffa2e32 -> 
  custom:video-decoder-ogg-theora: a1e56fd34408186e4bbccfd4996cb3dc -> 
  custom:container-muxer-webm: aa71ff27fc2769a1b78a27578f13a17b -> 
  custom:container-demuxer-webm: 4f35f7cbe854078d1ac9338744f61a02 -> 
  custom:container-demuxer-ogg: 62fdf1f143b41e24485cea50d1cbac27 -> 
  custom:video-encoder-webm-vp8: eb34c28f22e8b96e1ab97ce403110664 -> 
  custom:video-decoder-webm-vp8: 9c59270c3fd7afecdb556c50c9e8de78 -> 
  custom:audio-decoder-ogg-vorbis: bf7c407c2cedff20999df2af8eb42d56 -> 
  custom:audio-encoder-webm-vorbis: bf7c407c2cedff20999df2af8eb42d56 -> 
========================================================================
Received Import Request.
  Time since last request: 226.371801 seconds.
  path: Assets/Scripts/ProtoTools/Scoreboard.cs
  artifactKey: Guid(732941accec8741909bb0a7975b7e243) Importer(815301076,1909f56bfc062723c751e8b465ee728b)
Start importing Assets/Scripts/ProtoTools/Scoreboard.cs using Guid(732941accec8741909bb0a7975b7e243) Importer(815301076,1909f56bfc062723c751e8b465ee728b)  -> (artifact id: '6d1a86a0d9b74a9bac7e5135051906ef') in 0.006484 seconds 
  Import took 0.010459 seconds .

========================================================================
Received Import Request.
  Time since last request: 0.142972 seconds.
  path: Assets/Scripts/ProtoTools/Utils.cs
  artifactKey: Guid(b0824bbd9703b4947a4c797abf69e5a4) Importer(815301076,1909f56bfc062723c751e8b465ee728b)
Start importing Assets/Scripts/ProtoTools/Utils.cs using Guid(b0824bbd9703b4947a4c797abf69e5a4) Importer(815301076,1909f56bfc062723c751e8b465ee728b)  -> (artifact id: 'f56d6535fe7b9241edd0fa3844d4e122') in 0.003125 seconds 
  Import took 0.007417 seconds .

========================================================================
Received Prepare
Registering precompiled user dll's ...
Registered in 0.004204 seconds.
Begin MonoManager ReloadAssembly
Native extension for WindowsStandalone target not found
Native extension for WebGL target not found
Refreshing native plugins compatible for Editor in 0.71 ms, found 3 plugins.
Preloading 0 native plugins for Editor in 0.00 ms.
Mono: successfully reloaded assembly
- Completed reload, in  1.289 seconds
Domain Reload Profiling:
	ReloadAssembly (1290ms)
		BeginReloadAssembly (135ms)
			ExecutionOrderSort (0ms)
			DisableScriptedObjects (12ms)
			BackupInstance (0ms)
			ReleaseScriptingObjects (0ms)
			CreateAndSetChildDomain (37ms)
		EndReloadAssembly (1079ms)
			LoadAssemblies (125ms)
			RebuildTransferFunctionScriptingTraits (0ms)
			SetupTypeCache (400ms)
			ReleaseScriptCaches (1ms)
			RebuildScriptCaches (59ms)
			SetupLoadedEditorAssemblies (376ms)
				LogAssemblyErrors (0ms)
				InitializePlatformSupportModulesInManaged (7ms)
				SetLoadedEditorAssemblies (1ms)
				RefreshPlugins (1ms)
				BeforeProcessingInitializeOnLoad (99ms)
				ProcessInitializeOnLoadAttributes (250ms)
				ProcessInitializeOnLoadMethodAttributes (13ms)
				AfterProcessingInitializeOnLoad (6ms)
				EditorAssembliesLoaded (0ms)
			ExecutionOrderSort2 (0ms)
			AwakeInstancesAfterBackupRestoration (12ms)
Platform modules already initialized, skipping
Refreshing native plugins compatible for Editor in 0.70 ms, found 3 plugins.
Preloading 0 native plugins for Editor in 0.00 ms.
Unloading 2177 Unused Serialized files (Serialized files now loaded: 0)
System memory in use before: 95.0 MB.
System memory in use after: 95.1 MB.

Unloading 17 unused Assets to reduce memory usage. Loaded Objects now: 2627.
Total: 3.851399 ms (FindLiveObjects: 0.209489 ms CreateObjectMapping: 0.084520 ms MarkObjects: 3.535053 ms  DeleteObjects: 0.020526 ms)

AssetImportParameters requested are different than current active one (requested -> active):
  custom:framework-win-MediaFoundation: 216162199b28c13a410421893ffa2e32 -> 
  custom:video-decoder-ogg-theora: a1e56fd34408186e4bbccfd4996cb3dc -> 
  custom:container-muxer-webm: aa71ff27fc2769a1b78a27578f13a17b -> 
  custom:container-demuxer-webm: 4f35f7cbe854078d1ac9338744f61a02 -> 
  custom:container-demuxer-ogg: 62fdf1f143b41e24485cea50d1cbac27 -> 
  custom:video-encoder-webm-vp8: eb34c28f22e8b96e1ab97ce403110664 -> 
  custom:video-decoder-webm-vp8: 9c59270c3fd7afecdb556c50c9e8de78 -> 
  custom:audio-decoder-ogg-vorbis: bf7c407c2cedff20999df2af8eb42d56 -> 
  custom:audio-encoder-webm-vorbis: bf7c407c2cedff20999df2af8eb42d56 -> 
========================================================================
Received Import Request.
  Time since last request: 93.463679 seconds.
  path: Assets/Scripts/ProtoTools/Scoreboard.cs
  artifactKey: Guid(732941accec8741909bb0a7975b7e243) Importer(815301076,1909f56bfc062723c751e8b465ee728b)
Start importing Assets/Scripts/ProtoTools/Scoreboard.cs using Guid(732941accec8741909bb0a7975b7e243) Importer(815301076,1909f56bfc062723c751e8b465ee728b)  -> (artifact id: '1290e377090eda3032201291741db1f7') in 0.006346 seconds 
  Import took 0.010657 seconds .

========================================================================
Received Import Request.
  Time since last request: 8.342956 seconds.
  path: Assets/Scripts/ProtoTools/Scoreboard.cs
  artifactKey: Guid(732941accec8741909bb0a7975b7e243) Importer(815301076,1909f56bfc062723c751e8b465ee728b)
Start importing Assets/Scripts/ProtoTools/Scoreboard.cs using Guid(732941accec8741909bb0a7975b7e243) Importer(815301076,1909f56bfc062723c751e8b465ee728b)  -> (artifact id: '3f402c73c53cad76945156148d4e7720') in 0.002168 seconds 
  Import took 0.006243 seconds .

========================================================================
Received Import Request.
  Time since last request: 19.019028 seconds.
  path: Assets/Scripts/ProtoTools/Scoreboard.cs
  artifactKey: Guid(732941accec8741909bb0a7975b7e243) Importer(815301076,1909f56bfc062723c751e8b465ee728b)
Start importing Assets/Scripts/ProtoTools/Scoreboard.cs using Guid(732941accec8741909bb0a7975b7e243) Importer(815301076,1909f56bfc062723c751e8b465ee728b)  -> (artifact id: '84020887004b5bdab09a95b02f4505b5') in 0.002492 seconds 
  Import took 0.006519 seconds .

========================================================================
Received Import Request.
  Time since last request: 6.504212 seconds.
  path: Assets/Scripts/ProtoTools/Scoreboard.cs
  artifactKey: Guid(732941accec8741909bb0a7975b7e243) Importer(815301076,1909f56bfc062723c751e8b465ee728b)
Start importing Assets/Scripts/ProtoTools/Scoreboard.cs using Guid(732941accec8741909bb0a7975b7e243) Importer(815301076,1909f56bfc062723c751e8b465ee728b)  -> (artifact id: 'e170620da2880b5ecafd42461c208638') in 0.002199 seconds 
  Import took 0.006309 seconds .

========================================================================
Received Import Request.
  Time since last request: 53.842303 seconds.
  path: Assets/Scripts/ProtoTools/Scoreboard.cs
  artifactKey: Guid(732941accec8741909bb0a7975b7e243) Importer(815301076,1909f56bfc062723c751e8b465ee728b)
Start importing Assets/Scripts/ProtoTools/Scoreboard.cs using Guid(732941accec8741909bb0a7975b7e243) Importer(815301076,1909f56bfc062723c751e8b465ee728b)  -> (artifact id: 'ca02d0b121e7122b24fa8e40652e0f1d') in 0.002135 seconds 
  Import took 0.006127 seconds .

========================================================================
Received Import Request.
  Time since last request: 9.882127 seconds.
  path: Assets/Scripts/ProtoTools/Scoreboard.cs
  artifactKey: Guid(732941accec8741909bb0a7975b7e243) Importer(815301076,1909f56bfc062723c751e8b465ee728b)
Start importing Assets/Scripts/ProtoTools/Scoreboard.cs using Guid(732941accec8741909bb0a7975b7e243) Importer(815301076,1909f56bfc062723c751e8b465ee728b)  -> (artifact id: '7bdaf3e10d50cda56d584fc1fa7acf08') in 0.002338 seconds 
  Import took 0.006542 seconds .

========================================================================
Received Import Request.
  Time since last request: 13.907489 seconds.
  path: Assets/Scripts/ProtoTools/Scoreboard.cs
  artifactKey: Guid(732941accec8741909bb0a7975b7e243) Importer(815301076,1909f56bfc062723c751e8b465ee728b)
Start importing Assets/Scripts/ProtoTools/Scoreboard.cs using Guid(732941accec8741909bb0a7975b7e243) Importer(815301076,1909f56bfc062723c751e8b465ee728b)  -> (artifact id: '31ea93c3f175ab1d234e4c4c982a1c68') in 0.002029 seconds 
  Import took 0.006058 seconds .

========================================================================
Received Import Request.
  Time since last request: 79.944423 seconds.
  path: Assets/Scripts/ProtoTools/Scoreboard.cs
  artifactKey: Guid(732941accec8741909bb0a7975b7e243) Importer(815301076,1909f56bfc062723c751e8b465ee728b)
Start importing Assets/Scripts/ProtoTools/Scoreboard.cs using Guid(732941accec8741909bb0a7975b7e243) Importer(815301076,1909f56bfc062723c751e8b465ee728b)  -> (artifact id: '57003d1363dd8fb301c46a9e942fdf7c') in 0.002920 seconds 
  Import took 0.007830 seconds .

========================================================================
Received Import Request.
  Time since last request: 28.964628 seconds.
  path: Assets/Scripts/ProtoTools/Scoreboard.cs
  artifactKey: Guid(732941accec8741909bb0a7975b7e243) Importer(815301076,1909f56bfc062723c751e8b465ee728b)
Start importing Assets/Scripts/ProtoTools/Scoreboard.cs using Guid(732941accec8741909bb0a7975b7e243) Importer(815301076,1909f56bfc062723c751e8b465ee728b)  -> (artifact id: '9313ba24537e4f6a9e31a435d88748b3') in 0.002042 seconds 
  Import took 0.006071 seconds .

========================================================================
Received Import Request.
  Time since last request: 10.979237 seconds.
  path: Assets/Scripts/ProtoTools/Scoreboard.cs
  artifactKey: Guid(732941accec8741909bb0a7975b7e243) Importer(815301076,1909f56bfc062723c751e8b465ee728b)
Start importing Assets/Scripts/ProtoTools/Scoreboard.cs using Guid(732941accec8741909bb0a7975b7e243) Importer(815301076,1909f56bfc062723c751e8b465ee728b)  -> (artifact id: '72df320bddf950614766bfe14e75d21c') in 0.002143 seconds 
  Import took 0.006163 seconds .

========================================================================
Received Import Request.
  Time since last request: 16.251924 seconds.
  path: Assets/Scripts/ProtoTools/Scoreboard.cs
  artifactKey: Guid(732941accec8741909bb0a7975b7e243) Importer(815301076,1909f56bfc062723c751e8b465ee728b)
Start importing Assets/Scripts/ProtoTools/Scoreboard.cs using Guid(732941accec8741909bb0a7975b7e243) Importer(815301076,1909f56bfc062723c751e8b465ee728b)  -> (artifact id: 'c624479de8fe9bea9c63df58f3bbaa69') in 0.002391 seconds 
  Import took 0.007542 seconds .

========================================================================
Received Import Request.
  Time since last request: 267.307956 seconds.
  path: Assets/Scripts/ProtoTools/Scoreboard.cs
  artifactKey: Guid(732941accec8741909bb0a7975b7e243) Importer(815301076,1909f56bfc062723c751e8b465ee728b)
Start importing Assets/Scripts/ProtoTools/Scoreboard.cs using Guid(732941accec8741909bb0a7975b7e243) Importer(815301076,1909f56bfc062723c751e8b465ee728b)  -> (artifact id: 'fc51690db0edf867a3711f48c7e87e2d') in 0.002269 seconds 
  Import took 0.006214 seconds .

========================================================================
Received Import Request.
  Time since last request: 102.575223 seconds.
  path: Assets/Scripts/ProtoTools/Scoreboard.cs
  artifactKey: Guid(732941accec8741909bb0a7975b7e243) Importer(815301076,1909f56bfc062723c751e8b465ee728b)
Start importing Assets/Scripts/ProtoTools/Scoreboard.cs using Guid(732941accec8741909bb0a7975b7e243) Importer(815301076,1909f56bfc062723c751e8b465ee728b)  -> (artifact id: '7a5d1f4047c032c4d71cddd8d1a949d8') in 0.003276 seconds 
  Import took 0.008598 seconds .

========================================================================
Received Prepare
Registering precompiled user dll's ...
Registered in 0.004402 seconds.
Begin MonoManager ReloadAssembly
Native extension for WindowsStandalone target not found
Native extension for WebGL target not found
Refreshing native plugins compatible for Editor in 0.71 ms, found 3 plugins.
Preloading 0 native plugins for Editor in 0.00 ms.
Mono: successfully reloaded assembly
- Completed reload, in  1.260 seconds
Domain Reload Profiling:
	ReloadAssembly (1261ms)
		BeginReloadAssembly (123ms)
			ExecutionOrderSort (0ms)
			DisableScriptedObjects (9ms)
			BackupInstance (0ms)
			ReleaseScriptingObjects (0ms)
			CreateAndSetChildDomain (35ms)
		EndReloadAssembly (1060ms)
			LoadAssemblies (111ms)
			RebuildTransferFunctionScriptingTraits (0ms)
			SetupTypeCache (381ms)
			ReleaseScriptCaches (1ms)
			RebuildScriptCaches (63ms)
			SetupLoadedEditorAssemblies (378ms)
				LogAssemblyErrors (0ms)
				InitializePlatformSupportModulesInManaged (7ms)
				SetLoadedEditorAssemblies (1ms)
				RefreshPlugins (1ms)
				BeforeProcessingInitializeOnLoad (98ms)
				ProcessInitializeOnLoadAttributes (252ms)
				ProcessInitializeOnLoadMethodAttributes (13ms)
				AfterProcessingInitializeOnLoad (6ms)
				EditorAssembliesLoaded (0ms)
			ExecutionOrderSort2 (0ms)
			AwakeInstancesAfterBackupRestoration (11ms)
Platform modules already initialized, skipping
Refreshing native plugins compatible for Editor in 0.70 ms, found 3 plugins.
Preloading 0 native plugins for Editor in 0.00 ms.
Unloading 2177 Unused Serialized files (Serialized files now loaded: 0)
System memory in use before: 95.0 MB.
System memory in use after: 95.2 MB.

Unloading 17 unused Assets to reduce memory usage. Loaded Objects now: 2629.
Total: 3.743334 ms (FindLiveObjects: 0.198320 ms CreateObjectMapping: 0.083916 ms MarkObjects: 3.433025 ms  DeleteObjects: 0.026865 ms)

AssetImportParameters requested are different than current active one (requested -> active):
  custom:framework-win-MediaFoundation: 216162199b28c13a410421893ffa2e32 -> 
  custom:video-decoder-ogg-theora: a1e56fd34408186e4bbccfd4996cb3dc -> 
  custom:container-muxer-webm: aa71ff27fc2769a1b78a27578f13a17b -> 
  custom:container-demuxer-webm: 4f35f7cbe854078d1ac9338744f61a02 -> 
  custom:container-demuxer-ogg: 62fdf1f143b41e24485cea50d1cbac27 -> 
  custom:video-encoder-webm-vp8: eb34c28f22e8b96e1ab97ce403110664 -> 
  custom:video-decoder-webm-vp8: 9c59270c3fd7afecdb556c50c9e8de78 -> 
  custom:audio-decoder-ogg-vorbis: bf7c407c2cedff20999df2af8eb42d56 -> 
  custom:audio-encoder-webm-vorbis: bf7c407c2cedff20999df2af8eb42d56 -> 
========================================================================
Received Prepare
Registering precompiled user dll's ...
Registered in 0.005843 seconds.
Begin MonoManager ReloadAssembly
Native extension for WindowsStandalone target not found
Native extension for WebGL target not found
Refreshing native plugins compatible for Editor in 0.70 ms, found 3 plugins.
Preloading 0 native plugins for Editor in 0.00 ms.
Mono: successfully reloaded assembly
- Completed reload, in  1.306 seconds
Domain Reload Profiling:
	ReloadAssembly (1307ms)
		BeginReloadAssembly (142ms)
			ExecutionOrderSort (0ms)
			DisableScriptedObjects (9ms)
			BackupInstance (0ms)
			ReleaseScriptingObjects (0ms)
			CreateAndSetChildDomain (47ms)
		EndReloadAssembly (1076ms)
			LoadAssemblies (122ms)
			RebuildTransferFunctionScriptingTraits (0ms)
			SetupTypeCache (389ms)
			ReleaseScriptCaches (1ms)
			RebuildScriptCaches (64ms)
			SetupLoadedEditorAssemblies (376ms)
				LogAssemblyErrors (0ms)
				InitializePlatformSupportModulesInManaged (7ms)
				SetLoadedEditorAssemblies (1ms)
				RefreshPlugins (1ms)
				BeforeProcessingInitializeOnLoad (98ms)
				ProcessInitializeOnLoadAttributes (250ms)
				ProcessInitializeOnLoadMethodAttributes (13ms)
				AfterProcessingInitializeOnLoad (6ms)
				EditorAssembliesLoaded (0ms)
			ExecutionOrderSort2 (0ms)
			AwakeInstancesAfterBackupRestoration (11ms)
Platform modules already initialized, skipping
Refreshing native plugins compatible for Editor in 0.71 ms, found 3 plugins.
Preloading 0 native plugins for Editor in 0.00 ms.
Unloading 2177 Unused Serialized files (Serialized files now loaded: 0)
System memory in use before: 95.0 MB.
System memory in use after: 95.2 MB.

Unloading 17 unused Assets to reduce memory usage. Loaded Objects now: 2631.
Total: 3.755710 ms (FindLiveObjects: 0.224884 ms CreateObjectMapping: 0.091463 ms MarkObjects: 3.414008 ms  DeleteObjects: 0.024450 ms)

AssetImportParameters requested are different than current active one (requested -> active):
  custom:framework-win-MediaFoundation: 216162199b28c13a410421893ffa2e32 -> 
  custom:video-decoder-ogg-theora: a1e56fd34408186e4bbccfd4996cb3dc -> 
  custom:container-muxer-webm: aa71ff27fc2769a1b78a27578f13a17b -> 
  custom:container-demuxer-webm: 4f35f7cbe854078d1ac9338744f61a02 -> 
  custom:container-demuxer-ogg: 62fdf1f143b41e24485cea50d1cbac27 -> 
  custom:video-encoder-webm-vp8: eb34c28f22e8b96e1ab97ce403110664 -> 
  custom:video-decoder-webm-vp8: 9c59270c3fd7afecdb556c50c9e8de78 -> 
  custom:audio-decoder-ogg-vorbis: bf7c407c2cedff20999df2af8eb42d56 -> 
  custom:audio-encoder-webm-vorbis: bf7c407c2cedff20999df2af8eb42d56 -> 
========================================================================
Received Prepare
Registering precompiled user dll's ...
Registered in 0.004014 seconds.
Begin MonoManager ReloadAssembly
Native extension for WindowsStandalone target not found
Native extension for WebGL target not found
Refreshing native plugins compatible for Editor in 0.71 ms, found 3 plugins.
Preloading 0 native plugins for Editor in 0.00 ms.
Mono: successfully reloaded assembly
- Completed reload, in  1.268 seconds
Domain Reload Profiling:
	ReloadAssembly (1268ms)
		BeginReloadAssembly (121ms)
			ExecutionOrderSort (0ms)
			DisableScriptedObjects (8ms)
			BackupInstance (0ms)
			ReleaseScriptingObjects (0ms)
			CreateAndSetChildDomain (36ms)
		EndReloadAssembly (1065ms)
			LoadAssemblies (110ms)
			RebuildTransferFunctionScriptingTraits (0ms)
			SetupTypeCache (381ms)
			ReleaseScriptCaches (1ms)
			RebuildScriptCaches (59ms)
			SetupLoadedEditorAssemblies (386ms)
				LogAssemblyErrors (0ms)
				InitializePlatformSupportModulesInManaged (7ms)
				SetLoadedEditorAssemblies (1ms)
				RefreshPlugins (1ms)
				BeforeProcessingInitializeOnLoad (102ms)
				ProcessInitializeOnLoadAttributes (255ms)
				ProcessInitializeOnLoadMethodAttributes (15ms)
				AfterProcessingInitializeOnLoad (6ms)
				EditorAssembliesLoaded (0ms)
			ExecutionOrderSort2 (0ms)
			AwakeInstancesAfterBackupRestoration (12ms)
Platform modules already initialized, skipping
Refreshing native plugins compatible for Editor in 0.82 ms, found 3 plugins.
Preloading 0 native plugins for Editor in 0.00 ms.
Unloading 2177 Unused Serialized files (Serialized files now loaded: 0)
System memory in use before: 95.0 MB.
System memory in use after: 95.2 MB.

Unloading 17 unused Assets to reduce memory usage. Loaded Objects now: 2633.
Total: 4.021949 ms (FindLiveObjects: 0.193792 ms CreateObjectMapping: 0.084520 ms MarkObjects: 3.720997 ms  DeleteObjects: 0.021130 ms)

AssetImportParameters requested are different than current active one (requested -> active):
  custom:framework-win-MediaFoundation: 216162199b28c13a410421893ffa2e32 -> 
  custom:video-decoder-ogg-theora: a1e56fd34408186e4bbccfd4996cb3dc -> 
  custom:container-muxer-webm: aa71ff27fc2769a1b78a27578f13a17b -> 
  custom:container-demuxer-webm: 4f35f7cbe854078d1ac9338744f61a02 -> 
  custom:container-demuxer-ogg: 62fdf1f143b41e24485cea50d1cbac27 -> 
  custom:video-encoder-webm-vp8: eb34c28f22e8b96e1ab97ce403110664 -> 
  custom:video-decoder-webm-vp8: 9c59270c3fd7afecdb556c50c9e8de78 -> 
  custom:audio-decoder-ogg-vorbis: bf7c407c2cedff20999df2af8eb42d56 -> 
  custom:audio-encoder-webm-vorbis: bf7c407c2cedff20999df2af8eb42d56 -> 
========================================================================
Received Import Request.
  Time since last request: 1770.988703 seconds.
  path: Assets/Scenes/Scene Eagle.unity
  artifactKey: Guid(2cda990e2423bbf4892e6590ba056729) Importer(815301076,1909f56bfc062723c751e8b465ee728b)
Start importing Assets/Scenes/Scene Eagle.unity using Guid(2cda990e2423bbf4892e6590ba056729) Importer(815301076,1909f56bfc062723c751e8b465ee728b)  -> (artifact id: '6f904563267b9b6379ab3064671255a7') in 0.015323 seconds 
  Import took 0.019712 seconds .

========================================================================
Received Import Request.
  Time since last request: 3.537301 seconds.
  path: Assets/Resources
  artifactKey: Guid(9badde8e94d974c718a0d91b39baa1b1) Importer(815301076,1909f56bfc062723c751e8b465ee728b)
Start importing Assets/Resources using Guid(9badde8e94d974c718a0d91b39baa1b1) Importer(815301076,1909f56bfc062723c751e8b465ee728b)  -> (artifact id: '4dec657269239a5d102107159469c552') in 0.002620 seconds 
  Import took 0.006740 seconds .

========================================================================
Received Import Request.
  Time since last request: 4.407815 seconds.
  path: Assets/Resources/DelverData.txt
  artifactKey: Guid(6a3d9d0cea6f74fb880c88762602999a) Importer(815301076,1909f56bfc062723c751e8b465ee728b)
Start importing Assets/Resources/DelverData.txt using Guid(6a3d9d0cea6f74fb880c88762602999a) Importer(815301076,1909f56bfc062723c751e8b465ee728b)  -> (artifact id: 'd54c959a0804022ef8b9b76acd2b07cd') in 0.005615 seconds 
  Import took 0.009647 seconds .

========================================================================
Received Import Request.
  Time since last request: 1.503988 seconds.
  path: Assets/Resources/DelverCollisions.txt
  artifactKey: Guid(8c7dddc175b4444fa9bf2466a05b5324) Importer(815301076,1909f56bfc062723c751e8b465ee728b)
Start importing Assets/Resources/DelverCollisions.txt using Guid(8c7dddc175b4444fa9bf2466a05b5324) Importer(815301076,1909f56bfc062723c751e8b465ee728b)  -> (artifact id: '3caf3aaeac70366f40ddcc600b535626') in 0.002759 seconds 
  Import took 0.006708 seconds .

========================================================================
Received Import Request.
  Time since last request: 2.821023 seconds.
  path: Assets/Resources/DelverData_Hat.txt
  artifactKey: Guid(2a971b5a6fe0f43bc969e756bf4ef7b0) Importer(815301076,1909f56bfc062723c751e8b465ee728b)
Start importing Assets/Resources/DelverData_Hat.txt using Guid(2a971b5a6fe0f43bc969e756bf4ef7b0) Importer(815301076,1909f56bfc062723c751e8b465ee728b)  -> (artifact id: '8a982e235e596842a8cb7eacfb2e110f') in 0.003098 seconds 
  Import took 0.007266 seconds .

========================================================================
Received Import Request.
  Time since last request: 1.160216 seconds.
  path: Assets/Resources/DelverGrappleable.txt
  artifactKey: Guid(a4d934b82ab1349819950b3eff283622) Importer(815301076,1909f56bfc062723c751e8b465ee728b)
Start importing Assets/Resources/DelverGrappleable.txt using Guid(a4d934b82ab1349819950b3eff283622) Importer(815301076,1909f56bfc062723c751e8b465ee728b)  -> (artifact id: 'c682e38edc585940accbe3149e416877') in 0.003274 seconds 
  Import took 0.007214 seconds .

========================================================================
Received Import Request.
  Time since last request: 0.890965 seconds.
  path: Assets
  artifactKey: Guid(00000000000000001000000000000000) Importer(815301076,1909f56bfc062723c751e8b465ee728b)
Start importing Assets using Guid(00000000000000001000000000000000) Importer(815301076,1909f56bfc062723c751e8b465ee728b)  -> (artifact id: '42d402b061de3733987d63b9cc3b64de') in 0.002820 seconds 
  Import took 0.006843 seconds .

========================================================================
Received Import Request.
  Time since last request: 932.604106 seconds.
  path: Assets/Resources/DelverTiles.psd
  artifactKey: Guid(600c3190624b54fdba95619d75d56fdb) Importer(815301076,1909f56bfc062723c751e8b465ee728b)
Start importing Assets/Resources/DelverTiles.psd using Guid(600c3190624b54fdba95619d75d56fdb) Importer(815301076,1909f56bfc062723c751e8b465ee728b)  -> (artifact id: '6a89118bdcf4a04d6bd080b9ed783fe5') in 0.048935 seconds 
  Import took 0.054230 seconds .

========================================================================
Received Import Request.
  Time since last request: 959.172509 seconds.
  path: Assets/Resources/DelverTiles.psd
  artifactKey: Guid(600c3190624b54fdba95619d75d56fdb) Importer(815301076,1909f56bfc062723c751e8b465ee728b)
Start importing Assets/Resources/DelverTiles.psd using Guid(600c3190624b54fdba95619d75d56fdb) Importer(815301076,1909f56bfc062723c751e8b465ee728b)  -> (artifact id: '92f756e2ddb4122dab82b2c53561366e') in 0.618427 seconds 
  Import took 0.623762 seconds .

========================================================================
Received Import Request.
  Time since last request: 195.198734 seconds.
  path: Assets/Resources/DelverTiles.psd
  artifactKey: Guid(600c3190624b54fdba95619d75d56fdb) Importer(815301076,1909f56bfc062723c751e8b465ee728b)
Start importing Assets/Resources/DelverTiles.psd using Guid(600c3190624b54fdba95619d75d56fdb) Importer(815301076,1909f56bfc062723c751e8b465ee728b)  -> (artifact id: 'ea333309bbc0f64d563dbebb07c4acc9') in 0.553849 seconds 
  Import took 0.561538 seconds .

AssetImportWorkerClient::OnTransportError - code=2 error=End of file
